Build started 10/9/2012 5:48:48 PM.
     1>Project "C:\cygwin\home\Administrator\Base\KLUtil\KLUtil\KLUtil.vcxproj" on node 2 (build target(s)).
     1>InitializeBuildStatus:
         Creating "Release\KLUtil.unsuccessfulbuild" because "AlwaysCreate" was specified.
       ClCompile:
         C:\Program Files\Microsoft Visual Studio 10.0\VC\bin\CL.exe /c /Zi /nologo /W3 /WX- /O2 /Oi /Oy- /GL /D WIN32 /D NDEBUG /D _CONSOLE /D _UNICODE /D UNICODE /Gm- /EHsc /MD /GS /Gy /fp:precise /Zc:wchar_t /Zc:forScope /Fo"Release\\" /Fd"Release\vc100.pdb" /Gd /TP /analyze- /errorReport:prompt ..\main.cpp ..\weight.cpp ..\weylstr.cpp
         main.cpp
         weight.cpp
         weylstr.cpp
       Link:
         C:\Program Files\Microsoft Visual Studio 10.0\VC\bin\link.exe /ERRORREPORT:PROMPT /OUT:"C:\cygwin\home\Administrator\Base\KLUtil\Release\KLUtil.exe" /INCREMENTAL:NO /NOLOGO kernel32.lib user32.lib gdi32.lib winspool.lib comdlg32.lib advapi32.lib shell32.lib ole32.lib oleaut32.lib uuid.lib odbc32.lib odbccp32.lib /MANIFEST /ManifestFile:"Release\KLUtil.exe.intermediate.manifest" /MANIFESTUAC:"level='asInvoker' uiAccess='false'" /DEBUG /PDB:"C:\cygwin\home\Administrator\Base\KLUtil\Release\KLUtil.pdb" /SUBSYSTEM:CONSOLE /OPT:REF /OPT:ICF /LTCG /TLBID:1 /DYNAMICBASE /NXCOMPAT /IMPLIB:"C:\cygwin\home\Administrator\Base\KLUtil\Release\KLUtil.lib" /MACHINE:X86 Release\main.obj
         Release\weight.obj
         Release\weylstr.obj
         Generating code
         Finished generating code
         KLUtil.vcxproj -> C:\cygwin\home\Administrator\Base\KLUtil\Release\KLUtil.exe
       Manifest:
         C:\Program Files\Microsoft SDKs\Windows\v7.0A\bin\mt.exe /nologo /verbose /outputresource:"C:\cygwin\home\Administrator\Base\KLUtil\Release\KLUtil.exe;#1" /manifest Release\KLUtil.exe.intermediate.manifest
       FinalizeBuildStatus:
         Deleting file "Release\KLUtil.unsuccessfulbuild".
         Touching "Release\KLUtil.lastbuildstate".
     1>Done Building Project "C:\cygwin\home\Administrator\Base\KLUtil\KLUtil\KLUtil.vcxproj" (build target(s)).

Build succeeded.

Time Elapsed 00:00:02.44
