C:\CYGWIN\HOME\ADMINISTRATOR\KLUTIL\DEBUG\KLUTIL.EXE
C:\CYGWIN\HOME\ADMINISTRATOR\KLUTIL\DEBUG\KLUTIL.ILK
C:\CYGWIN\HOME\ADMINISTRATOR\KLUTIL\DEBUG\KLUTIL.PDB
C:\cygwin\home\Administrator\KLUtil\KLUtil\Debug\cl.command.1.tlog
C:\cygwin\home\Administrator\KLUtil\KLUtil\Debug\CL.read.1.tlog
C:\cygwin\home\Administrator\KLUtil\KLUtil\Debug\CL.write.1.tlog
C:\CYGWIN\HOME\ADMINISTRATOR\KLUTIL\KLUTIL\DEBUG\KLUTIL.EXE.EMBED.MANIFEST
C:\CYGWIN\HOME\ADMINISTRATOR\KLUTIL\KLUTIL\DEBUG\KLUTIL.EXE.EMBED.MANIFEST.RES
C:\CYGWIN\HOME\ADMINISTRATOR\KLUTIL\KLUTIL\DEBUG\KLUTIL.EXE.INTERMEDIATE.MANIFEST
C:\cygwin\home\Administrator\KLUtil\KLUtil\Debug\KLUtil_manifest.rc
C:\cygwin\home\Administrator\KLUtil\KLUtil\Debug\link.1416.read.1.tlog
C:\cygwin\home\Administrator\KLUtil\KLUtil\Debug\link.1416.write.1.tlog
C:\cygwin\home\Administrator\KLUtil\KLUtil\Debug\link.1416-cvtres.read.1.tlog
C:\cygwin\home\Administrator\KLUtil\KLUtil\Debug\link.1416-cvtres.write.1.tlog
C:\cygwin\home\Administrator\KLUtil\KLUtil\Debug\link.2904.read.1.tlog
C:\cygwin\home\Administrator\KLUtil\KLUtil\Debug\link.2904.write.1.tlog
C:\cygwin\home\Administrator\KLUtil\KLUtil\Debug\link.2904-cvtres.read.1.tlog
C:\cygwin\home\Administrator\KLUtil\KLUtil\Debug\link.2904-cvtres.write.1.tlog
C:\cygwin\home\Administrator\KLUtil\KLUtil\Debug\link.3068.read.1.tlog
C:\cygwin\home\Administrator\KLUtil\KLUtil\Debug\link.3068.write.1.tlog
C:\cygwin\home\Administrator\KLUtil\KLUtil\Debug\link.3068-cvtres.read.1.tlog
C:\cygwin\home\Administrator\KLUtil\KLUtil\Debug\link.3068-cvtres.write.1.tlog
C:\cygwin\home\Administrator\KLUtil\KLUtil\Debug\link.command.1.tlog
C:\cygwin\home\Administrator\KLUtil\KLUtil\Debug\link.read.1.tlog
C:\cygwin\home\Administrator\KLUtil\KLUtil\Debug\link.write.1.tlog
C:\cygwin\home\Administrator\KLUtil\KLUtil\Debug\link-cvtres.read.1.tlog
C:\cygwin\home\Administrator\KLUtil\KLUtil\Debug\link-cvtres.write.1.tlog
C:\CYGWIN\HOME\ADMINISTRATOR\KLUTIL\KLUTIL\DEBUG\MAIN.OBJ
C:\cygwin\home\Administrator\KLUtil\KLUtil\Debug\mt.command.1.tlog
C:\cygwin\home\Administrator\KLUtil\KLUtil\Debug\mt.read.1.tlog
C:\cygwin\home\Administrator\KLUtil\KLUtil\Debug\mt.write.1.tlog
C:\cygwin\home\Administrator\KLUtil\KLUtil\Debug\rc.command.1.tlog
C:\cygwin\home\Administrator\KLUtil\KLUtil\Debug\rc.read.1.tlog
C:\cygwin\home\Administrator\KLUtil\KLUtil\Debug\rc.write.1.tlog
C:\cygwin\home\Administrator\KLUtil\KLUtil\Debug\vc100.idb
C:\CYGWIN\HOME\ADMINISTRATOR\KLUTIL\KLUTIL\DEBUG\VC100.PDB
C:\CYGWIN\HOME\ADMINISTRATOR\KLUTIL\KLUTIL\DEBUG\WEIGHT.OBJ
C:\CYGWIN\HOME\ADMINISTRATOR\KLUTIL\KLUTIL\DEBUG\WEYLSTR.OBJ
